#-----------------------------------------------------------
# Vivado v2020.1 (64-bit)
# SW Build 2902540 on Wed May 27 19:54:49 MDT 2020
# IP Build 2902112 on Wed May 27 22:43:36 MDT 2020
# Start of session at: Mon Nov 22 08:20:56 2021
# Process ID: 6160
# Current directory: d:/Users/lenovo/Desktop/debugzju/nightmare/architecture/lab/Computer-Architecture-Lab/Exp4
# Command line: vivado.exe -gui_launcher_event rodinguilauncherevent12068 d:\Users\lenovo\Desktop\debugzju\nightmare\architecture\lab\Computer-Architecture-Lab\Exp4\Exp4.xpr
# Log file: d:/Users/lenovo/Desktop/debugzju/nightmare/architecture/lab/Computer-Architecture-Lab/Exp4/vivado.log
# Journal file: d:/Users/lenovo/Desktop/debugzju/nightmare/architecture/lab/Computer-Architecture-Lab/Exp4\vivado.jou
#-----------------------------------------------------------
start_gui
open_project d:/Users/lenovo/Desktop/debugzju/nightmare/architecture/lab/Computer-Architecture-Lab/Exp4/Exp4.xpr
INFO: [ProjectBase 1-489] The host OS only allows 260 characters in a normal path. The project is stored in a path with more than 80 characters. If you experience issues with IP, Block Designs, or files not being found, please consider moving the project to a location with a shorter path. Alternately consider using the OS subst command to map part of the path to a drive letter.
Current project path is 'd:/Users/lenovo/Desktop/debugzju/nightmare/architecture/lab/Computer-Architecture-Lab/Exp4'
Scanning sources...
Finished scanning sources
INFO: [IP_Flow 19-234] Refreshing IP repositories
INFO: [IP_Flow 19-1704] No user IP repositories specified
INFO: [IP_Flow 19-2313] Loaded Vivado IP repository 'E:/Xilinx/Vivado/2020.1/data/ip'.
WARNING: [IP_Flow 19-2162] IP 'ROM_D' is locked:
* IP definition 'Distributed Memory Generator (8.0)' for IP 'ROM_D' (customized with software release 2018.2) has a different revision in the IP Catalog.
open_project: Time (s): cpu = 00:00:17 ; elapsed = 00:00:07 . Memory (MB): peak = 1032.406 ; gain = 0.000
update_compile_order -fileset sources_1
open_hw_manager
connect_hw_server -allow_non_jtag
INFO: [Labtools 27-2285] Connecting to hw_server url TCP:localhost:3121
INFO: [Labtools 27-2222] Launching hw_server...
INFO: [Labtools 27-2221] Launch Output:

****** Xilinx hw_server v2020.1
  **** Build date : May 27 2020 at 20:24:38
    ** Copyright 1986-2020 Xilinx, Inc. All Rights Reserved.


INFO: [Labtools 27-3415] Connecting to cs_server url TCP:localhost:3042
INFO: [Labtools 27-3417] Launching cs_server...
INFO: [Labtools 27-2221] Launch Output:


****** Xilinx cs_server v2020.1.0
  **** Build date : May 14 2020-09:10:29
    ** Copyright 2017-2020 Xilinx, Inc. All Rights Reserved.



connect_hw_server: Time (s): cpu = 00:00:00 ; elapsed = 00:00:08 . Memory (MB): peak = 1089.508 ; gain = 0.000
open_hw_target
INFO: [Labtoolstcl 44-466] Opening hw_target localhost:3121/xilinx_tcf/Digilent/201612300081
ERROR: [Labtools 27-2269] No devices detected on target localhost:3121/xilinx_tcf/Digilent/201612300081.
Check cable connectivity and that the target board is powered up then
use the disconnect_hw_server and connect_hw_server to re-register this hardware target.
ERROR: [Common 17-39] 'open_hw_target' failed due to earlier errors.
close_hw_manager
open_hw_manager
connect_hw_server -allow_non_jtag
INFO: [Labtools 27-2285] Connecting to hw_server url TCP:localhost:3121
INFO: [Labtools 27-3415] Connecting to cs_server url TCP:localhost:3042
INFO: [Labtools 27-3414] Connected to existing cs_server.
open_hw_target
INFO: [Labtoolstcl 44-466] Opening hw_target localhost:3121/xilinx_tcf/Digilent/201612300081
set_property PROGRAM.FILE {d:/Users/lenovo/Desktop/debugzju/nightmare/architecture/lab/Computer-Architecture-Lab/Exp4/Exp4.runs/impl_1/top.bit} [get_hw_devices xc7k325t_0]
current_hw_device [get_hw_devices xc7k325t_0]
refresh_hw_device -update_hw_probes false [lindex [get_hw_devices xc7k325t_0] 0]
INFO: [Labtools 27-1434] Device xc7k325t (JTAG device index = 0) is programmed with a design that has no supported debug core(s) in it.
set_property PROBES.FILE {} [get_hw_devices xc7k325t_0]
set_property FULL_PROBES.FILE {} [get_hw_devices xc7k325t_0]
set_property PROGRAM.FILE {d:/Users/lenovo/Desktop/debugzju/nightmare/architecture/lab/Computer-Architecture-Lab/Exp4/Exp4.runs/impl_1/top.bit} [get_hw_devices xc7k325t_0]
program_hw_devices [get_hw_devices xc7k325t_0]
INFO: [Labtools 27-3164] End of startup status: HIGH
program_hw_devices: Time (s): cpu = 00:00:09 ; elapsed = 00:00:10 . Memory (MB): peak = 2435.801 ; gain = 0.000
refresh_hw_device [lindex [get_hw_devices xc7k325t_0] 0]
INFO: [Labtools 27-1434] Device xc7k325t (JTAG device index = 0) is programmed with a design that has no supported debug core(s) in it.
ERROR: [Labtoolstcl 44-513] HW Target shutdown. Closing target: localhost:3121/xilinx_tcf/Digilent/201612300081
INFO: [Labtoolstcl 44-466] Opening hw_target localhost:3121/xilinx_tcf/Digilent/201612300081
INFO: [Labtools 27-1434] Device xc7k325t (JTAG device index = 0) is programmed with a design that has no supported debug core(s) in it.
WARNING: [Labtoolstcl 44-129] No matching hw_ila_data was found.
set_property PROBES.FILE {} [get_hw_devices xc7k325t_0]
set_property FULL_PROBES.FILE {} [get_hw_devices xc7k325t_0]
set_property PROGRAM.FILE {d:/Users/lenovo/Desktop/debugzju/nightmare/architecture/lab/Computer-Architecture-Lab/Exp4/Exp4.runs/impl_1/top.bit} [get_hw_devices xc7k325t_0]
program_hw_devices [get_hw_devices xc7k325t_0]
INFO: [Labtools 27-3164] End of startup status: HIGH
program_hw_devices: Time (s): cpu = 00:00:10 ; elapsed = 00:00:10 . Memory (MB): peak = 2440.578 ; gain = 0.000
refresh_hw_device [lindex [get_hw_devices xc7k325t_0] 0]
INFO: [Labtools 27-1434] Device xc7k325t (JTAG device index = 0) is programmed with a design that has no supported debug core(s) in it.
ERROR: [Labtoolstcl 44-513] HW Target shutdown. Closing target: localhost:3121/xilinx_tcf/Digilent/201612300081
INFO: [Labtoolstcl 44-466] Opening hw_target localhost:3121/xilinx_tcf/Digilent/201612300081
INFO: [Labtools 27-1435] Device xc7k325t (JTAG device index = 0) is not programmed (DONE status = 0).
WARNING: [Labtoolstcl 44-129] No matching hw_ila_data was found.
set_property PROBES.FILE {} [get_hw_devices xc7k325t_0]
set_property FULL_PROBES.FILE {} [get_hw_devices xc7k325t_0]
set_property PROGRAM.FILE {d:/Users/lenovo/Desktop/debugzju/nightmare/architecture/lab/Computer-Architecture-Lab/Exp4/Exp4.runs/impl_1/top.bit} [get_hw_devices xc7k325t_0]
program_hw_devices [get_hw_devices xc7k325t_0]
INFO: [Labtools 27-3164] End of startup status: HIGH
program_hw_devices: Time (s): cpu = 00:00:09 ; elapsed = 00:00:10 . Memory (MB): peak = 2440.926 ; gain = 0.000
refresh_hw_device [lindex [get_hw_devices xc7k325t_0] 0]
INFO: [Labtools 27-1434] Device xc7k325t (JTAG device index = 0) is programmed with a design that has no supported debug core(s) in it.
refresh_hw_device [lindex [get_hw_devices xc7k325t_0] 0]
INFO: [Labtools 27-1434] Device xc7k325t (JTAG device index = 0) is programmed with a design that has no supported debug core(s) in it.
set_property PROBES.FILE {} [get_hw_devices xc7k325t_0]
set_property FULL_PROBES.FILE {} [get_hw_devices xc7k325t_0]
set_property PROGRAM.FILE {d:/Users/lenovo/Desktop/debugzju/nightmare/architecture/lab/Computer-Architecture-Lab/Exp4/Exp4.runs/impl_1/top.bit} [get_hw_devices xc7k325t_0]
program_hw_devices [get_hw_devices xc7k325t_0]
INFO: [Labtools 27-3164] End of startup status: HIGH
program_hw_devices: Time (s): cpu = 00:00:10 ; elapsed = 00:00:10 . Memory (MB): peak = 2440.926 ; gain = 0.000
refresh_hw_device [lindex [get_hw_devices xc7k325t_0] 0]
INFO: [Labtools 27-1434] Device xc7k325t (JTAG device index = 0) is programmed with a design that has no supported debug core(s) in it.
ERROR: [Labtoolstcl 44-513] HW Target shutdown. Closing target: localhost:3121/xilinx_tcf/Digilent/201612300081
INFO: [Labtoolstcl 44-466] Opening hw_target localhost:3121/xilinx_tcf/Digilent/201612300081
INFO: [Labtools 27-1434] Device xc7k325t (JTAG device index = 0) is programmed with a design that has no supported debug core(s) in it.
WARNING: [Labtoolstcl 44-129] No matching hw_ila_data was found.
set_property PROBES.FILE {} [get_hw_devices xc7k325t_0]
set_property FULL_PROBES.FILE {} [get_hw_devices xc7k325t_0]
set_property PROGRAM.FILE {d:/Users/lenovo/Desktop/debugzju/nightmare/architecture/lab/Computer-Architecture-Lab/Exp4/Exp4.runs/impl_1/top.bit} [get_hw_devices xc7k325t_0]
program_hw_devices [get_hw_devices xc7k325t_0]
INFO: [Labtools 27-3164] End of startup status: HIGH
program_hw_devices: Time (s): cpu = 00:00:10 ; elapsed = 00:00:10 . Memory (MB): peak = 2441.988 ; gain = 0.000
refresh_hw_device [lindex [get_hw_devices xc7k325t_0] 0]
INFO: [Labtools 27-1434] Device xc7k325t (JTAG device index = 0) is programmed with a design that has no supported debug core(s) in it.
ERROR: [Labtoolstcl 44-513] HW Target shutdown. Closing target: localhost:3121/xilinx_tcf/Digilent/201612300081
INFO: [Labtoolstcl 44-466] Opening hw_target localhost:3121/xilinx_tcf/Digilent/201612300081
INFO: [Labtools 27-1435] Device xc7k325t (JTAG device index = 0) is not programmed (DONE status = 0).
WARNING: [Labtoolstcl 44-129] No matching hw_ila_data was found.
set_property PROBES.FILE {} [get_hw_devices xc7k325t_0]
set_property FULL_PROBES.FILE {} [get_hw_devices xc7k325t_0]
set_property PROGRAM.FILE {d:/Users/lenovo/Desktop/debugzju/nightmare/architecture/lab/Computer-Architecture-Lab/Exp4/Exp4.runs/impl_1/top.bit} [get_hw_devices xc7k325t_0]
program_hw_devices [get_hw_devices xc7k325t_0]
INFO: [Labtools 27-3164] End of startup status: HIGH
program_hw_devices: Time (s): cpu = 00:00:10 ; elapsed = 00:00:10 . Memory (MB): peak = 2442.855 ; gain = 0.000
refresh_hw_device [lindex [get_hw_devices xc7k325t_0] 0]
INFO: [Labtools 27-1434] Device xc7k325t (JTAG device index = 0) is programmed with a design that has no supported debug core(s) in it.
ERROR: [Labtoolstcl 44-513] HW Target shutdown. Closing target: localhost:3121/xilinx_tcf/Digilent/201612300081
close_hw_manager
exit
INFO: [Common 17-206] Exiting Vivado at Mon Nov 22 09:32:36 2021...
