Copyright 1986-2020 Xilinx, Inc. All Rights Reserved.
------------------------------------------------------------------------------------
| Tool Version : Vivado v.2020.1 (win64) Build 2902540 Wed May 27 19:54:49 MDT 2020
| Date         : Sun Dec 19 16:18:43 2021
| Host         : LAPTOP-JSV7HJ63 running 64-bit major release  (build 9200)
| Command      : report_control_sets -verbose -file top_control_sets_placed.rpt
| Design       : top
| Device       : xc7k325t
------------------------------------------------------------------------------------

Control Set Information

Table of Contents
-----------------
1. Summary
2. Histogram
3. Flip-Flop Distribution
4. Detailed Control Set Information

1. Summary
----------

+----------------------------------------------------------+-------+
|                          Status                          | Count |
+----------------------------------------------------------+-------+
| Total control sets                                       |    78 |
|    Minimum number of control sets                        |    78 |
|    Addition due to synthesis replication                 |     0 |
|    Addition due to physical synthesis replication        |     0 |
| Unused register locations in slices containing registers |   136 |
+----------------------------------------------------------+-------+
* Control sets can be merged at opt_design using control_set_merge or merge_equivalent_drivers
** Run report_qor_suggestions for automated merging and remapping suggestions


2. Histogram
------------

+--------------------+-------+
|       Fanout       | Count |
+--------------------+-------+
| Total control sets |    78 |
| >= 0 to < 4        |     0 |
| >= 4 to < 6        |     5 |
| >= 6 to < 8        |     4 |
| >= 8 to < 10       |     0 |
| >= 10 to < 12      |     3 |
| >= 12 to < 14      |     3 |
| >= 14 to < 16      |     2 |
| >= 16              |    61 |
+--------------------+-------+
* Control sets can be remapped at either synth_design or opt_design


3. Flip-Flop Distribution
-------------------------

+--------------+-----------------------+------------------------+-----------------+--------------+
| Clock Enable | Synchronous Set/Reset | Asynchronous Set/Reset | Total Registers | Total Slices |
+--------------+-----------------------+------------------------+-----------------+--------------+
| No           | No                    | No                     |            3317 |          613 |
| No           | No                    | Yes                    |             113 |           63 |
| No           | Yes                   | No                     |              75 |           29 |
| Yes          | No                    | No                     |            1536 |          872 |
| Yes          | No                    | Yes                    |            1441 |          672 |
| Yes          | Yes                   | No                     |              54 |           14 |
+--------------+-----------------------+------------------------+-----------------+--------------+


4. Detailed Control Set Information
-----------------------------------

+-------------------+------------------------------------------+----------------------------------+------------------+----------------+--------------+
|    Clock Signal   |               Enable Signal              |         Set/Reset Signal         | Slice Load Count | Bel Load Count | Bels / Slice |
+-------------------+------------------------------------------+----------------------------------+------------------+----------------+--------------+
|  CLK_GEN/CLK_OUT3 | DISPLAY/P2S_LED/data_count[3]_i_1__0_n_0 | rst_all                          |                2 |              4 |         2.00 |
|  debug_clk        | core/ctrl/A0                             | core/ctrl/state_reg_0            |                1 |              4 |         4.00 |
|  CLK_GEN/CLK_OUT3 | BTN_SCAN/p_0_in                          |                                  |                1 |              5 |         5.00 |
|  CLK_GEN/CLK_OUT1 |                                          | vga/U12/v_count_reg[8]_0         |                3 |              5 |         1.67 |
|  debug_clk        | core/ctrl/A0                             | core/ctrl/state_reg              |                2 |              5 |         2.50 |
|  CLK_GEN/CLK_OUT3 | DISPLAY/P2S_SEG/next_data_count          | rst_all                          |                2 |              6 |         3.00 |
|  CLK_GEN/CLK_OUT3 | DISPLAY/P2S_LED/buff_0                   | DISPLAY/P2S_LED/buff[16]_i_1_n_0 |                3 |              7 |         2.33 |
|  CLK_GEN/CLK_OUT1 | vga/U12/E[0]                             |                                  |                3 |              7 |         2.33 |
|  debug_clk        |                                          | core/mu/state[6]_i_1_n_0         |                1 |              7 |         7.00 |
|  CLK_GEN/CLK_OUT3 |                                          | vga/U12/h_count[9]_i_1_n_0       |                5 |             10 |         2.00 |
|  CLK_GEN/CLK_OUT3 | DISPLAY/P2S_LED/buff_0                   |                                  |                4 |             10 |         2.50 |
|  CLK_GEN/CLK_OUT3 | vga/U12/v_count                          |                                  |                4 |             10 |         2.50 |
|  CLK_GEN/CLK_OUT3 |                                          | vga/U12/rdn_reg_n_0              |                4 |             12 |         3.00 |
|  CLK_GEN/CLK_OUT3 | DISPLAY/P2S_SEG/buff                     | DISPLAY/P2S_SEG/buff[64]_i_1_n_0 |                2 |             13 |         6.50 |
|  CLK_GEN/CLK_OUT1 |                                          | vga/U12/v_count_reg[8]_20        |                8 |             13 |         1.62 |
|  CLK_GEN/CLK_OUT3 | DISPLAY/P2S_SEG/buff                     |                                  |                2 |             14 |         7.00 |
|  CLK_GEN/CLK_OUT3 | DISPLAY/P2S_SEG/buff                     | DISPLAY/P2S_SEG/buff[63]_i_1_n_0 |                2 |             15 |         7.50 |
|  CLK_GEN/CLK_OUT4 |                                          |                                  |                4 |             17 |         4.25 |
|  debug_clk        | core/reg_IF_IS/IR_IS_reg[31]_5[0]        | rst_all                          |               10 |             22 |         2.20 |
|  debug_clk        | core/reg_IF_IS/IR_IS_reg[14]_3           | rst_all                          |                9 |             22 |         2.44 |
|  debug_clk        | core/reg_IF_IS/IS_flush_reg              | rst_all                          |               12 |             25 |         2.08 |
|  debug_clk        | core/reg_IF_IS/IS_flush_reg_0            | rst_all                          |               10 |             25 |         2.50 |
|  debug_clk        | core/reg_IF_IS/IMM                       | rst_all                          |               12 |             25 |         2.08 |
|  CLK_GEN/CLK_OUT3 |                                          |                                  |               11 |             26 |         2.36 |
|  debug_clk        | core/reg_IF_IS/FUS_reg[2][29]_0[0]       | rst_all                          |               13 |             26 |         2.00 |
|  debug_clk        | core/reg_IF_IS/FUS_reg[5][29]_0[0]       | rst_all                          |               10 |             27 |         2.70 |
|  debug_clk        | core/reg_IF_IS/FUS_reg[1][29]_0[0]       | rst_all                          |               12 |             27 |         2.25 |
|  CLK_GEN/CLK_OUT3 |                                          | rst_all                          |                8 |             28 |         3.50 |
|  CLK_GEN/CLK_OUT1 |                                          |                                  |               21 |             31 |         1.48 |
| ~debug_clk        | core/ctrl/FUS_reg[5][8]_1[0]             | rst_all                          |               19 |             32 |         1.68 |
| ~debug_clk        | core/ctrl/FUS_reg[5][8]_25[0]            | rst_all                          |               16 |             32 |         2.00 |
| ~debug_clk        | core/ctrl/FUS_reg[5][8]_13[0]            | rst_all                          |               14 |             32 |         2.29 |
| ~debug_clk        | core/ctrl/FUS_reg[5][8]_27[0]            | rst_all                          |               17 |             32 |         1.88 |
|  debug_clk        | core/mem/E[0]                            | rst_all                          |               15 |             32 |         2.13 |
|  debug_clk        | core/mu/Q[0]                             | rst_all                          |               19 |             32 |         1.68 |
|  debug_clk        | core/reg_IF_IS/E[0]                      | rst_all                          |                9 |             32 |         3.56 |
|  debug_clk        | core/reg_IF_IS/rst_all_reg[0]            |                                  |               10 |             32 |         3.20 |
|  debug_clk        | core/reg_IF_IS/rst_all_reg_0[0]          |                                  |               15 |             32 |         2.13 |
|  debug_clk        | core/alu/FU_ALU_finish                   | rst_all                          |               19 |             32 |         1.68 |
| ~debug_clk        | core/ctrl/FUS_reg[5][8]_22[0]            | rst_all                          |               14 |             32 |         2.29 |
|  debug_clk        | core/ju/FU_jump_finish                   | rst_all                          |                9 |             32 |         3.56 |
|  debug_clk        | core/du/E[0]                             | rst_all                          |               17 |             32 |         1.88 |
| ~debug_clk        | core/ctrl/FUS_reg[5][8]_3[0]             | rst_all                          |               14 |             32 |         2.29 |
| ~debug_clk        | core/ctrl/FUS_reg[5][8]_9[0]             | rst_all                          |               25 |             32 |         1.28 |
| ~debug_clk        | core/ctrl/FUS_reg[5][8]_12[0]            | rst_all                          |               23 |             32 |         1.39 |
| ~debug_clk        | core/ctrl/FUS_reg[5][8]_17[0]            | rst_all                          |               11 |             32 |         2.91 |
| ~debug_clk        | core/ctrl/FUS_reg[5][8]_21[0]            | rst_all                          |               16 |             32 |         2.00 |
| ~debug_clk        | core/ctrl/FUS_reg[5][8]_10[0]            | rst_all                          |               18 |             32 |         1.78 |
| ~debug_clk        | core/ctrl/FUS_reg[5][8]_20[0]            | rst_all                          |               14 |             32 |         2.29 |
| ~debug_clk        | core/ctrl/FUS_reg[5][8]_15[0]            | rst_all                          |               12 |             32 |         2.67 |
| ~debug_clk        | core/ctrl/FUS_reg[5][8]_0[0]             | rst_all                          |               11 |             32 |         2.91 |
| ~debug_clk        | core/ctrl/FUS_reg[5][8]_23[0]            | rst_all                          |               11 |             32 |         2.91 |
| ~debug_clk        | core/ctrl/FUS_reg[5][8]_16[0]            | rst_all                          |               20 |             32 |         1.60 |
| ~debug_clk        | core/ctrl/FUS_reg[5][8]_26[0]            | rst_all                          |               13 |             32 |         2.46 |
| ~debug_clk        | core/ctrl/FUS_reg[5][8]_28[0]            | rst_all                          |               14 |             32 |         2.29 |
| ~debug_clk        | core/ctrl/FUS_reg[5][8]_30[0]            | rst_all                          |               12 |             32 |         2.67 |
| ~debug_clk        | core/ctrl/FUS_reg[5][8]_4[0]             | rst_all                          |               14 |             32 |         2.29 |
| ~debug_clk        | core/ctrl/FUS_reg[5][8]_24[0]            | rst_all                          |               11 |             32 |         2.91 |
| ~debug_clk        | core/ctrl/FUS_reg[5][8]_5[0]             | rst_all                          |               17 |             32 |         1.88 |
| ~debug_clk        | core/ctrl/FUS_reg[5][8]_6[0]             | rst_all                          |               20 |             32 |         1.60 |
| ~debug_clk        | core/ctrl/FUS_reg[5][8]_19[0]            | rst_all                          |                9 |             32 |         3.56 |
| ~debug_clk        | core/ctrl/FUS_reg[5][8]_18[0]            | rst_all                          |               14 |             32 |         2.29 |
| ~debug_clk        | core/ctrl/FUS_reg[5][8]_7[0]             | rst_all                          |               20 |             32 |         1.60 |
| ~debug_clk        | core/ctrl/FUS_reg[5][8]_11[0]            | rst_all                          |               15 |             32 |         2.13 |
| ~debug_clk        | core/ctrl/FUS_reg[5][8]_29[0]            | rst_all                          |               13 |             32 |         2.46 |
| ~debug_clk        | core/ctrl/FUS_reg[5][8]_8[0]             | rst_all                          |               19 |             32 |         1.68 |
| ~debug_clk        | core/ctrl/FUS_reg[5][8]_2[0]             | rst_all                          |               16 |             32 |         2.00 |
| ~debug_clk        | core/ctrl/FUS_reg[5][8]_14[0]            | rst_all                          |               13 |             32 |         2.46 |
|  CLK_GEN/CLK_OUT1 | vga/U12/should_latch_debug_data          |                                  |                6 |             48 |         8.00 |
|  debug_clk        | core/reg_IF_IS/IR_IS[31]_i_1_n_0         | rst_all                          |               21 |             58 |         2.76 |
|  debug_clk        | core/ctrl/A0                             |                                  |               16 |             59 |         3.69 |
|  debug_clk        | core/ctrl/E[0]                           |                                  |               18 |             64 |         3.56 |
|  debug_clk        | core/mu/state[6]_i_1_n_0                 |                                  |               30 |             64 |         2.13 |
|  debug_clk        | core/mem/i_/i__n_0                       |                                  |               34 |             96 |         2.82 |
|  debug_clk        |                                          | rst_all                          |               63 |            113 |         1.79 |
|  debug_clk        | core/ctrl/FUS_reg[5][27]_0               |                                  |               37 |            126 |         3.41 |
| ~debug_clk        | core/mem/add/E[0]                        |                                  |              698 |           1024 |         1.47 |
|  debug_clk        |                                          |                                  |              577 |           3249 |         5.63 |
+-------------------+------------------------------------------+----------------------------------+------------------+----------------+--------------+


