#-----------------------------------------------------------
# Vivado v2020.1 (64-bit)
# SW Build 2902540 on Wed May 27 19:54:49 MDT 2020
# IP Build 2902112 on Wed May 27 22:43:36 MDT 2020
# Start of session at: Sun Dec 19 14:39:43 2021
# Process ID: 15664
# Current directory: D:/Users/lenovo/Desktop/debugzju/nightmare/architecture/lab/Computer-Architecture-Lab/lab5
# Command line: vivado.exe -gui_launcher_event rodinguilauncherevent16248 D:\Users\lenovo\Desktop\debugzju\nightmare\architecture\lab\Computer-Architecture-Lab\lab5\Exp5.xpr
# Log file: D:/Users/lenovo/Desktop/debugzju/nightmare/architecture/lab/Computer-Architecture-Lab/lab5/vivado.log
# Journal file: D:/Users/lenovo/Desktop/debugzju/nightmare/architecture/lab/Computer-Architecture-Lab/lab5\vivado.jou
#-----------------------------------------------------------
start_gui
open_project D:/Users/lenovo/Desktop/debugzju/nightmare/architecture/lab/Computer-Architecture-Lab/lab5/Exp5.xpr
INFO: [ProjectBase 1-489] The host OS only allows 260 characters in a normal path. The project is stored in a path with more than 80 characters. If you experience issues with IP, Block Designs, or files not being found, please consider moving the project to a location with a shorter path. Alternately consider using the OS subst command to map part of the path to a drive letter.
Current project path is 'D:/Users/lenovo/Desktop/debugzju/nightmare/architecture/lab/Computer-Architecture-Lab/lab5'
Scanning sources...
Finished scanning sources
INFO: [IP_Flow 19-234] Refreshing IP repositories
INFO: [IP_Flow 19-1704] No user IP repositories specified
INFO: [IP_Flow 19-2313] Loaded Vivado IP repository 'E:/Xilinx/Vivado/2020.1/data/ip'.
open_project: Time (s): cpu = 00:00:19 ; elapsed = 00:00:08 . Memory (MB): peak = 1037.258 ; gain = 0.000
update_compile_order -fileset sources_1
exit
INFO: [Common 17-206] Exiting Vivado at Sun Dec 19 14:43:27 2021...
