#-----------------------------------------------------------
# Vivado v2020.1 (64-bit)
# SW Build 2902540 on Wed May 27 19:54:49 MDT 2020
# IP Build 2902112 on Wed May 27 22:43:36 MDT 2020
# Start of session at: Sun Dec 19 12:09:05 2021
# Process ID: 7940
# Current directory: d:/Users/lenovo/Desktop/debugzju/nightmare/architecture/lab/Computer-Architecture-Lab/lab5
# Command line: vivado.exe -gui_launcher_event rodinguilauncherevent11040 d:\Users\lenovo\Desktop\debugzju\nightmare\architecture\lab\Computer-Architecture-Lab\lab5\Exp5.xpr
# Log file: d:/Users/lenovo/Desktop/debugzju/nightmare/architecture/lab/Computer-Architecture-Lab/lab5/vivado.log
# Journal file: d:/Users/lenovo/Desktop/debugzju/nightmare/architecture/lab/Computer-Architecture-Lab/lab5\vivado.jou
#-----------------------------------------------------------
start_gui
open_project d:/Users/lenovo/Desktop/debugzju/nightmare/architecture/lab/Computer-Architecture-Lab/lab5/Exp5.xpr
INFO: [ProjectBase 1-489] The host OS only allows 260 characters in a normal path. The project is stored in a path with more than 80 characters. If you experience issues with IP, Block Designs, or files not being found, please consider moving the project to a location with a shorter path. Alternately consider using the OS subst command to map part of the path to a drive letter.
Current project path is 'd:/Users/lenovo/Desktop/debugzju/nightmare/architecture/lab/Computer-Architecture-Lab/lab5'
Scanning sources...
Finished scanning sources
INFO: [IP_Flow 19-234] Refreshing IP repositories
INFO: [IP_Flow 19-1704] No user IP repositories specified
INFO: [IP_Flow 19-2313] Loaded Vivado IP repository 'E:/Xilinx/Vivado/2020.1/data/ip'.
open_project: Time (s): cpu = 00:00:16 ; elapsed = 00:00:14 . Memory (MB): peak = 1010.543 ; gain = 0.000
update_compile_order -fileset sources_1
open_hw_manager
connect_hw_server -allow_non_jtag
INFO: [Labtools 27-2285] Connecting to hw_server url TCP:localhost:3121
INFO: [Labtools 27-2222] Launching hw_server...
INFO: [Labtools 27-2221] Launch Output:

****** Xilinx hw_server v2020.1
  **** Build date : May 27 2020 at 20:24:38
    ** Copyright 1986-2020 Xilinx, Inc. All Rights Reserved.


INFO: [Labtools 27-3415] Connecting to cs_server url TCP:localhost:3042
INFO: [Labtools 27-3417] Launching cs_server...
INFO: [Labtools 27-2221] Launch Output:


****** Xilinx cs_server v2020.1.0
  **** Build date : May 14 2020-09:10:29
    ** Copyright 2017-2020 Xilinx, Inc. All Rights Reserved.



connect_hw_server: Time (s): cpu = 00:00:02 ; elapsed = 00:00:17 . Memory (MB): peak = 1010.543 ; gain = 0.000
open_hw_target
INFO: [Labtoolstcl 44-466] Opening hw_target localhost:3121/xilinx_tcf/Digilent/201612300081
ERROR: [Labtools 27-2269] No devices detected on target localhost:3121/xilinx_tcf/Digilent/201612300081.
Check cable connectivity and that the target board is powered up then
use the disconnect_hw_server and connect_hw_server to re-register this hardware target.
ERROR: [Common 17-39] 'open_hw_target' failed due to earlier errors.
ERROR: [Labtoolstcl 44-513] HW Target shutdown. Closing target: localhost:3121/xilinx_tcf/Digilent/201612300081
INFO: [Labtoolstcl 44-466] Opening hw_target localhost:3121/xilinx_tcf/Digilent/201612300081
open_hw_target: Time (s): cpu = 00:00:07 ; elapsed = 00:00:18 . Memory (MB): peak = 2284.910 ; gain = 1274.367
INFO: [Labtools 27-1434] Device xc7k325t (JTAG device index = 0) is programmed with a design that has no supported debug core(s) in it.
WARNING: [Labtoolstcl 44-129] No matching hw_ila_data was found.
close_hw_manager
launch_simulation
Command: launch_simulation 
INFO: [Vivado 12-5698] Checking validity of IPs in the design for the 'XSim' simulator...
INFO: [Vivado 12-5682] Launching behavioral simulation in 'd:/Users/lenovo/Desktop/debugzju/nightmare/architecture/lab/Computer-Architecture-Lab/lab5/Exp5.sim/sim_1/behav/xsim'
INFO: [Vivado 12-4795] Using compiled simulation libraries for IPs
INFO: [SIM-utils-51] Simulation object is 'sim_1'
INFO: [USF-XSim-7] Finding pre-compiled libraries...
INFO: [USF-XSim-11] File 'E:/Xilinx/Vivado/2020.1/data/xsim/xsim.ini' copied to run dir:'d:/Users/lenovo/Desktop/debugzju/nightmare/architecture/lab/Computer-Architecture-Lab/lab5/Exp5.sim/sim_1/behav/xsim'
INFO: [SIM-utils-54] Inspecting design source files for 'core_sim' in fileset 'sim_1'...
INFO: [USF-XSim-97] Finding global include files...
INFO: [USF-XSim-98] Fetching design files from 'sim_1'...
INFO: [USF-XSim-2] XSim::Compile design
INFO: [USF-XSim-61] Executing 'COMPILE and ANALYZE' step in 'd:/Users/lenovo/Desktop/debugzju/nightmare/architecture/lab/Computer-Architecture-Lab/lab5/Exp5.sim/sim_1/behav/xsim'
"xvlog --incr --relax -prj core_sim_vlog.prj"
INFO: [VRFC 10-2263] Analyzing Verilog file "d:/Users/lenovo/Desktop/debugzju/nightmare/architecture/lab/Computer-Architecture-Lab/lab5/code/core/CtrlUnit.v" into library xil_defaultlib
INFO: [VRFC 10-311] analyzing module CtrlUnit
INFO: [VRFC 10-2263] Analyzing Verilog file "d:/Users/lenovo/Desktop/debugzju/nightmare/architecture/lab/Computer-Architecture-Lab/lab5/code/core/FU_ALU.v" into library xil_defaultlib
INFO: [VRFC 10-311] analyzing module FU_ALU
INFO: [VRFC 10-2263] Analyzing Verilog file "d:/Users/lenovo/Desktop/debugzju/nightmare/architecture/lab/Computer-Architecture-Lab/lab5/code/core/FU_div.v" into library xil_defaultlib
INFO: [VRFC 10-311] analyzing module FU_div
INFO: [VRFC 10-2263] Analyzing Verilog file "d:/Users/lenovo/Desktop/debugzju/nightmare/architecture/lab/Computer-Architecture-Lab/lab5/code/core/FU_jump.v" into library xil_defaultlib
INFO: [VRFC 10-311] analyzing module FU_jump
INFO: [VRFC 10-2263] Analyzing Verilog file "d:/Users/lenovo/Desktop/debugzju/nightmare/architecture/lab/Computer-Architecture-Lab/lab5/code/core/FU_mem.v" into library xil_defaultlib
INFO: [VRFC 10-311] analyzing module FU_mem
INFO: [VRFC 10-2263] Analyzing Verilog file "d:/Users/lenovo/Desktop/debugzju/nightmare/architecture/lab/Computer-Architecture-Lab/lab5/code/core/FU_mul.v" into library xil_defaultlib
INFO: [VRFC 10-311] analyzing module FU_mul
INFO: [VRFC 10-2263] Analyzing Verilog file "d:/Users/lenovo/Desktop/debugzju/nightmare/architecture/lab/Computer-Architecture-Lab/lab5/code/core/ImmGen.v" into library xil_defaultlib
INFO: [VRFC 10-311] analyzing module ImmGen
INFO: [VRFC 10-2263] Analyzing Verilog file "d:/Users/lenovo/Desktop/debugzju/nightmare/architecture/lab/Computer-Architecture-Lab/lab5/code/common/MUX2T1_32.v" into library xil_defaultlib
INFO: [VRFC 10-311] analyzing module MUX2T1_32
INFO: [VRFC 10-2263] Analyzing Verilog file "d:/Users/lenovo/Desktop/debugzju/nightmare/architecture/lab/Computer-Architecture-Lab/lab5/code/common/MUX8T1_32.v" into library xil_defaultlib
INFO: [VRFC 10-311] analyzing module MUX8T1_32
INFO: [VRFC 10-2263] Analyzing Verilog file "d:/Users/lenovo/Desktop/debugzju/nightmare/architecture/lab/Computer-Architecture-Lab/lab5/code/core/RAM_B.v" into library xil_defaultlib
INFO: [VRFC 10-311] analyzing module RAM_B
INFO: [VRFC 10-2263] Analyzing Verilog file "d:/Users/lenovo/Desktop/debugzju/nightmare/architecture/lab/Computer-Architecture-Lab/lab5/code/common/REG32.v" into library xil_defaultlib
INFO: [VRFC 10-311] analyzing module REG32
INFO: [VRFC 10-2263] Analyzing Verilog file "d:/Users/lenovo/Desktop/debugzju/nightmare/architecture/lab/Computer-Architecture-Lab/lab5/code/core/REG_ID.v" into library xil_defaultlib
INFO: [VRFC 10-311] analyzing module REG_ID
INFO: [VRFC 10-2263] Analyzing Verilog file "d:/Users/lenovo/Desktop/debugzju/nightmare/architecture/lab/Computer-Architecture-Lab/lab5/code/core/ROM_D.v" into library xil_defaultlib
INFO: [VRFC 10-311] analyzing module ROM_D
INFO: [VRFC 10-2263] Analyzing Verilog file "d:/Users/lenovo/Desktop/debugzju/nightmare/architecture/lab/Computer-Architecture-Lab/lab5/code/core/RV32core.v" into library xil_defaultlib
INFO: [VRFC 10-311] analyzing module RV32core
INFO: [VRFC 10-2263] Analyzing Verilog file "d:/Users/lenovo/Desktop/debugzju/nightmare/architecture/lab/Computer-Architecture-Lab/lab5/code/core/Regs.v" into library xil_defaultlib
INFO: [VRFC 10-311] analyzing module Regs
INFO: [VRFC 10-2263] Analyzing Verilog file "d:/Users/lenovo/Desktop/debugzju/nightmare/architecture/lab/Computer-Architecture-Lab/lab5/code/common/add_32.v" into library xil_defaultlib
INFO: [VRFC 10-311] analyzing module add_32
INFO: [VRFC 10-2263] Analyzing Verilog file "d:/Users/lenovo/Desktop/debugzju/nightmare/architecture/lab/Computer-Architecture-Lab/lab5/code/common/cmp_32.v" into library xil_defaultlib
INFO: [VRFC 10-311] analyzing module cmp_32
INFO: [VRFC 10-2263] Analyzing Verilog file "d:/Users/lenovo/Desktop/debugzju/nightmare/architecture/lab/Computer-Architecture-Lab/lab5/code/auxillary/debug_clk.v" into library xil_defaultlib
INFO: [VRFC 10-311] analyzing module debug_clk
INFO: [VRFC 10-2263] Analyzing Verilog file "d:/Users/lenovo/Desktop/debugzju/nightmare/architecture/lab/Computer-Architecture-Lab/lab5/code/sim/core_sim.v" into library xil_defaultlib
INFO: [VRFC 10-311] analyzing module core_sim
"xvhdl --incr --relax -prj core_sim_vhdl.prj"
run_program: Time (s): cpu = 00:00:02 ; elapsed = 00:00:14 . Memory (MB): peak = 2406.258 ; gain = 0.000
INFO: [USF-XSim-69] 'compile' step finished in '13' seconds
INFO: [USF-XSim-3] XSim::Elaborate design
INFO: [USF-XSim-61] Executing 'ELABORATE' step in 'd:/Users/lenovo/Desktop/debugzju/nightmare/architecture/lab/Computer-Architecture-Lab/lab5/Exp5.sim/sim_1/behav/xsim'
"xelab -wto ee483bd22de04824896a12873b7858bd --incr --debug typical --relax --mt 2 -L xbip_utils_v3_0_10 -L axi_utils_v2_0_6 -L xbip_pipe_v3_0_6 -L xbip_dsp48_wrapper_v3_0_4 -L xbip_dsp48_addsub_v3_0_6 -L xbip_bram18k_v3_0_6 -L mult_gen_v12_0_16 -L floating_point_v7_0_17 -L xbip_dsp48_mult_v3_0_6 -L xbip_dsp48_multadd_v3_0_6 -L div_gen_v5_1_16 -L xil_defaultlib -L unisims_ver -L unimacro_ver -L secureip -L xpm --snapshot core_sim_behav xil_defaultlib.core_sim xil_defaultlib.glbl -log elaborate.log"
Vivado Simulator 2020.1
Copyright 1986-1999, 2001-2020 Xilinx, Inc. All Rights Reserved.
Running: E:/Xilinx/Vivado/2020.1/bin/unwrapped/win64.o/xelab.exe -wto ee483bd22de04824896a12873b7858bd --incr --debug typical --relax --mt 2 -L xbip_utils_v3_0_10 -L axi_utils_v2_0_6 -L xbip_pipe_v3_0_6 -L xbip_dsp48_wrapper_v3_0_4 -L xbip_dsp48_addsub_v3_0_6 -L xbip_bram18k_v3_0_6 -L mult_gen_v12_0_16 -L floating_point_v7_0_17 -L xbip_dsp48_mult_v3_0_6 -L xbip_dsp48_multadd_v3_0_6 -L div_gen_v5_1_16 -L xil_defaultlib -L unisims_ver -L unimacro_ver -L secureip -L xpm --snapshot core_sim_behav xil_defaultlib.core_sim xil_defaultlib.glbl -log elaborate.log 
Using 2 slave threads.
Starting static elaboration
Pass Through NonSizing Optimizer
Completed static elaboration
Starting simulation data flow analysis
Completed simulation data flow analysis
Time Resolution for simulation is 1ps
Compiling package std.standard
Compiling package std.textio
Compiling package ieee.std_logic_1164
Compiling package ieee.numeric_std
Compiling package mult_gen_v12_0_16.mult_gen_v12_0_16_viv_comp
Compiling package xbip_utils_v3_0_10.xbip_utils_v3_0_10_pkg
Compiling package mult_gen_v12_0_16.mult_gen_v12_0_16_pkg
Compiling package ieee.std_logic_arith
Compiling package ieee.std_logic_signed
Compiling package unisim.vcomponents
Compiling package ieee.std_logic_unsigned
Compiling package ieee.vital_timing
Compiling package ieee.vital_primitives
Compiling package unisim.vpkg
Compiling package div_gen_v5_1_16.div_gen_v5_1_16_viv_comp
Compiling package xbip_pipe_v3_0_6.xbip_pipe_v3_0_6_viv_comp
Compiling package axi_utils_v2_0_6.axi_utils_v2_0_6_pkg
Compiling package ieee.math_real
Compiling package axi_utils_v2_0_6.global_util_pkg
Compiling package axi_utils_v2_0_6.axi_utils_comps
Compiling package xbip_bram18k_v3_0_6.xbip_bram18k_v3_0_6_pkg
Compiling package div_gen_v5_1_16.div_gen_pkg
Compiling package div_gen_v5_1_16.pkg_addsub
Compiling module xil_defaultlib.debug_clk
Compiling module xil_defaultlib.REG32
Compiling module xil_defaultlib.add_32
Compiling module xil_defaultlib.MUX2T1_32
Compiling module xil_defaultlib.ROM_D
Compiling module xil_defaultlib.REG_ID
Compiling module xil_defaultlib.CtrlUnit
Compiling module xil_defaultlib.ImmGen
Compiling module xil_defaultlib.Regs
Compiling module xil_defaultlib.FU_ALU
Compiling module xil_defaultlib.RAM_B
Compiling module xil_defaultlib.FU_mem
Compiling architecture lut2_v of entity unisim.LUT2 [\LUT2(init="1000")(0,3)\]
Compiling architecture mult_and_v of entity unisim.MULT_AND [mult_and_default]
Compiling architecture muxcy_v of entity unisim.MUXCY [muxcy_default]
Compiling architecture xorcy_v of entity unisim.XORCY [xorcy_default]
Compiling architecture xilinx of entity mult_gen_v12_0_16.op_resize [\op_resize(ai_width=32,bi_width=...]
Compiling architecture xilinx of entity mult_gen_v12_0_16.luts [\luts(c_xdevicefamily="kintex7",...]
Compiling architecture xilinx of entity mult_gen_v12_0_16.mult_gen_v12_0_16_viv [\mult_gen_v12_0_16_viv(c_verbosi...]
Compiling architecture xilinx of entity mult_gen_v12_0_16.mult_gen_v12_0_16 [\mult_gen_v12_0_16(c_xdevicefami...]
Compiling architecture multiplier_arch of entity xil_defaultlib.multiplier [multiplier_default]
Compiling module xil_defaultlib.FU_mul
Compiling architecture synth of entity div_gen_v5_1_16.c_twos_comp_viv [\c_twos_comp_viv(c_width=32,c_ai...]
Compiling architecture virtex of entity div_gen_v5_1_16.cmp2s_v [\cmp2s_v(c_bus_width=32,c_regist...]
Compiling architecture synth of entity div_gen_v5_1_16.c_twos_comp_viv [\c_twos_comp_viv(c_width=32,c_ai...]
Compiling architecture virtex of entity div_gen_v5_1_16.cmp2s_v [\cmp2s_v(c_bus_width=32,c_ainit_...]
Compiling architecture synth of entity xbip_pipe_v3_0_6.xbip_pipe_v3_0_6_viv [\xbip_pipe_v3_0_6_viv(c_latency=...]
Compiling architecture synth of entity xbip_pipe_v3_0_6.xbip_pipe_v3_0_6_viv [\xbip_pipe_v3_0_6_viv(c_latency=...]
Compiling architecture synth of entity xbip_pipe_v3_0_6.xbip_pipe_v3_0_6_viv [\xbip_pipe_v3_0_6_viv(c_latency=...]
Compiling architecture synth of entity xbip_pipe_v3_0_6.xbip_pipe_v3_0_6_viv [\xbip_pipe_v3_0_6_viv(c_latency=...]
Compiling architecture synth of entity xbip_pipe_v3_0_6.xbip_pipe_v3_0_6_viv [\xbip_pipe_v3_0_6_viv(c_latency=...]
Compiling architecture rtl of entity div_gen_v5_1_16.c_addsub_lut6 [\c_addsub_lut6(c_width=33,c_add_...]
Compiling architecture synth of entity div_gen_v5_1_16.c_addsub_viv [\c_addsub_viv(c_a_width=33,c_b_w...]
Compiling architecture virtex of entity div_gen_v5_1_16.addsubreg_v [\addsubreg_v(c_bus_width=33,c_ai...]
Compiling architecture synth of entity xbip_pipe_v3_0_6.xbip_pipe_v3_0_6_viv [\xbip_pipe_v3_0_6_viv(c_latency=...]
Compiling architecture synth of entity xbip_pipe_v3_0_6.xbip_pipe_v3_0_6_viv [\xbip_pipe_v3_0_6_viv(c_latency=...]
Compiling architecture synth of entity xbip_pipe_v3_0_6.xbip_pipe_v3_0_6_viv [\xbip_pipe_v3_0_6_viv(c_latency=...]
Compiling architecture synth of entity xbip_pipe_v3_0_6.xbip_pipe_v3_0_6_viv [\xbip_pipe_v3_0_6_viv(c_latency=...]
Compiling architecture synth of entity xbip_pipe_v3_0_6.xbip_pipe_v3_0_6_viv [\xbip_pipe_v3_0_6_viv(c_latency=...]
Compiling architecture synth of entity xbip_pipe_v3_0_6.xbip_pipe_v3_0_6_viv [\xbip_pipe_v3_0_6_viv(c_latency=...]
Compiling architecture synth of entity xbip_pipe_v3_0_6.xbip_pipe_v3_0_6_viv [\xbip_pipe_v3_0_6_viv(c_latency=...]
Compiling architecture synth of entity xbip_pipe_v3_0_6.xbip_pipe_v3_0_6_viv [\xbip_pipe_v3_0_6_viv(c_latency=...]
Compiling architecture synth of entity xbip_pipe_v3_0_6.xbip_pipe_v3_0_6_viv [\xbip_pipe_v3_0_6_viv(c_latency=...]
Compiling architecture synth of entity xbip_pipe_v3_0_6.xbip_pipe_v3_0_6_viv [\xbip_pipe_v3_0_6_viv(c_latency=...]
Compiling architecture synth of entity xbip_pipe_v3_0_6.xbip_pipe_v3_0_6_viv [\xbip_pipe_v3_0_6_viv(c_latency=...]
Compiling architecture synth of entity xbip_pipe_v3_0_6.xbip_pipe_v3_0_6_viv [\xbip_pipe_v3_0_6_viv(c_latency=...]
Compiling architecture synth of entity xbip_pipe_v3_0_6.xbip_pipe_v3_0_6_viv [\xbip_pipe_v3_0_6_viv(c_latency=...]
Compiling architecture synth of entity xbip_pipe_v3_0_6.xbip_pipe_v3_0_6_viv [\xbip_pipe_v3_0_6_viv(c_latency=...]
Compiling architecture synth of entity xbip_pipe_v3_0_6.xbip_pipe_v3_0_6_viv [\xbip_pipe_v3_0_6_viv(c_latency=...]
Compiling architecture synth of entity xbip_pipe_v3_0_6.xbip_pipe_v3_0_6_viv [\xbip_pipe_v3_0_6_viv(c_latency=...]
Compiling architecture synth of entity xbip_pipe_v3_0_6.xbip_pipe_v3_0_6_viv [\xbip_pipe_v3_0_6_viv(c_latency=...]
Compiling architecture synth of entity xbip_pipe_v3_0_6.xbip_pipe_v3_0_6_viv [\xbip_pipe_v3_0_6_viv(c_latency=...]
Compiling architecture synth of entity xbip_pipe_v3_0_6.xbip_pipe_v3_0_6_viv [\xbip_pipe_v3_0_6_viv(c_latency=...]
Compiling architecture synth of entity xbip_pipe_v3_0_6.xbip_pipe_v3_0_6_viv [\xbip_pipe_v3_0_6_viv(c_latency=...]
Compiling architecture synth of entity xbip_pipe_v3_0_6.xbip_pipe_v3_0_6_viv [\xbip_pipe_v3_0_6_viv(c_latency=...]
Compiling architecture synth of entity xbip_pipe_v3_0_6.xbip_pipe_v3_0_6_viv [\xbip_pipe_v3_0_6_viv(c_latency=...]
Compiling architecture synth of entity xbip_pipe_v3_0_6.xbip_pipe_v3_0_6_viv [\xbip_pipe_v3_0_6_viv(c_latency=...]
Compiling architecture synth of entity xbip_pipe_v3_0_6.xbip_pipe_v3_0_6_viv [\xbip_pipe_v3_0_6_viv(c_latency=...]
Compiling architecture synth of entity xbip_pipe_v3_0_6.xbip_pipe_v3_0_6_viv [\xbip_pipe_v3_0_6_viv(c_latency=...]
Compiling architecture synth of entity xbip_pipe_v3_0_6.xbip_pipe_v3_0_6_viv [\xbip_pipe_v3_0_6_viv(c_latency=...]
Compiling architecture synth of entity xbip_pipe_v3_0_6.xbip_pipe_v3_0_6_viv [\xbip_pipe_v3_0_6_viv(c_latency=...]
Compiling architecture synth of entity xbip_pipe_v3_0_6.xbip_pipe_v3_0_6_viv [\xbip_pipe_v3_0_6_viv(c_latency=...]
Compiling architecture synth of entity xbip_pipe_v3_0_6.xbip_pipe_v3_0_6_viv [\xbip_pipe_v3_0_6_viv(c_latency=...]
Compiling architecture synth of entity xbip_pipe_v3_0_6.xbip_pipe_v3_0_6_viv [\xbip_pipe_v3_0_6_viv(c_latency=...]
Compiling architecture synth of entity xbip_pipe_v3_0_6.xbip_pipe_v3_0_6_viv [\xbip_pipe_v3_0_6_viv(c_latency=...]
Compiling architecture synth of entity xbip_pipe_v3_0_6.xbip_pipe_v3_0_6_viv [\xbip_pipe_v3_0_6_viv(c_latency=...]
Compiling architecture synth of entity xbip_pipe_v3_0_6.xbip_pipe_v3_0_6_viv [\xbip_pipe_v3_0_6_viv(c_latency=...]
Compiling architecture synth of entity xbip_pipe_v3_0_6.xbip_pipe_v3_0_6_viv [\xbip_pipe_v3_0_6_viv(c_latency=...]
Compiling architecture synth of entity xbip_pipe_v3_0_6.xbip_pipe_v3_0_6_viv [\xbip_pipe_v3_0_6_viv(c_latency=...]
Compiling architecture synth of entity xbip_pipe_v3_0_6.xbip_pipe_v3_0_6_viv [\xbip_pipe_v3_0_6_viv(c_latency=...]
Compiling architecture synth of entity xbip_pipe_v3_0_6.xbip_pipe_v3_0_6_viv [\xbip_pipe_v3_0_6_viv(c_latency=...]
Compiling architecture synth of entity xbip_pipe_v3_0_6.xbip_pipe_v3_0_6_viv [\xbip_pipe_v3_0_6_viv(c_latency=...]
Compiling architecture synth of entity xbip_pipe_v3_0_6.xbip_pipe_v3_0_6_viv [\xbip_pipe_v3_0_6_viv(c_latency=...]
Compiling architecture synth of entity xbip_pipe_v3_0_6.xbip_pipe_v3_0_6_viv [\xbip_pipe_v3_0_6_viv(c_latency=...]
Compiling architecture synth of entity xbip_pipe_v3_0_6.xbip_pipe_v3_0_6_viv [\xbip_pipe_v3_0_6_viv(c_latency=...]
Compiling architecture synth of entity xbip_pipe_v3_0_6.xbip_pipe_v3_0_6_viv [\xbip_pipe_v3_0_6_viv(c_latency=...]
Compiling architecture synth of entity xbip_pipe_v3_0_6.xbip_pipe_v3_0_6_viv [\xbip_pipe_v3_0_6_viv(c_latency=...]
Compiling architecture synth of entity xbip_pipe_v3_0_6.xbip_pipe_v3_0_6_viv [\xbip_pipe_v3_0_6_viv(c_latency=...]
Compiling architecture synth of entity xbip_pipe_v3_0_6.xbip_pipe_v3_0_6_viv [\xbip_pipe_v3_0_6_viv(c_latency=...]
Compiling architecture synth of entity xbip_pipe_v3_0_6.xbip_pipe_v3_0_6_viv [\xbip_pipe_v3_0_6_viv(c_latency=...]
Compiling architecture synth of entity xbip_pipe_v3_0_6.xbip_pipe_v3_0_6_viv [\xbip_pipe_v3_0_6_viv(c_latency=...]
Compiling architecture synth of entity xbip_pipe_v3_0_6.xbip_pipe_v3_0_6_viv [\xbip_pipe_v3_0_6_viv(c_latency=...]
Compiling architecture synth of entity xbip_pipe_v3_0_6.xbip_pipe_v3_0_6_viv [\xbip_pipe_v3_0_6_viv(c_latency=...]
Compiling architecture synth of entity xbip_pipe_v3_0_6.xbip_pipe_v3_0_6_viv [\xbip_pipe_v3_0_6_viv(c_latency=...]
Compiling architecture synth of entity xbip_pipe_v3_0_6.xbip_pipe_v3_0_6_viv [\xbip_pipe_v3_0_6_viv(c_latency=...]
Compiling architecture synth of entity xbip_pipe_v3_0_6.xbip_pipe_v3_0_6_viv [\xbip_pipe_v3_0_6_viv(c_latency=...]
Compiling architecture synth of entity xbip_pipe_v3_0_6.xbip_pipe_v3_0_6_viv [\xbip_pipe_v3_0_6_viv(c_latency=...]
Compiling architecture synth of entity xbip_pipe_v3_0_6.xbip_pipe_v3_0_6_viv [\xbip_pipe_v3_0_6_viv(c_latency=...]
Compiling architecture synth of entity xbip_pipe_v3_0_6.xbip_pipe_v3_0_6_viv [\xbip_pipe_v3_0_6_viv(c_latency=...]
Compiling architecture synth of entity xbip_pipe_v3_0_6.xbip_pipe_v3_0_6_viv [\xbip_pipe_v3_0_6_viv(c_latency=...]
Compiling architecture synth of entity xbip_pipe_v3_0_6.xbip_pipe_v3_0_6_viv [\xbip_pipe_v3_0_6_viv(c_latency=...]
Compiling architecture synth of entity xbip_pipe_v3_0_6.xbip_pipe_v3_0_6_viv [\xbip_pipe_v3_0_6_viv(c_latency=...]
Compiling architecture synth of entity xbip_pipe_v3_0_6.xbip_pipe_v3_0_6_viv [\xbip_pipe_v3_0_6_viv(c_latency=...]
Compiling architecture synth of entity xbip_pipe_v3_0_6.xbip_pipe_v3_0_6_viv [\xbip_pipe_v3_0_6_viv(c_latency=...]
Compiling architecture synth of entity xbip_pipe_v3_0_6.xbip_pipe_v3_0_6_viv [\xbip_pipe_v3_0_6_viv(c_latency=...]
Compiling architecture synth of entity xbip_pipe_v3_0_6.xbip_pipe_v3_0_6_viv [\xbip_pipe_v3_0_6_viv(c_latency=...]
Compiling architecture rtl of entity div_gen_v5_1_16.c_addsub_lut6 [\c_addsub_lut6(c_width=33,c_add_...]
Compiling architecture synth of entity div_gen_v5_1_16.c_addsub_viv [\c_addsub_viv(c_a_width=33,c_b_w...]
Compiling architecture virtex of entity div_gen_v5_1_16.addsubreg_v [\addsubreg_v(c_bus_width=33,c_ha...]
Compiling architecture virtex of entity div_gen_v5_1_16.dividervdc_v [\dividervdc_v(bus_num=32,bus_div...]
Compiling architecture synth of entity div_gen_v5_1_16.c_twos_comp_viv [\c_twos_comp_viv(c_width=33,c_ai...]
Compiling architecture virtex of entity div_gen_v5_1_16.cmp2s_v [\cmp2s_v(c_bus_width=33,c_regist...]
Compiling architecture synth of entity div_gen_v5_1_16.bip_sdivider_synth [\bip_sdivider_synth(c_xdevicefam...]
Compiling architecture synth of entity div_gen_v5_1_16.div_gen_synth [\div_gen_synth(c_xdevicefamily="...]
Compiling architecture synth of entity xbip_pipe_v3_0_6.xbip_pipe_v3_0_6_viv [\xbip_pipe_v3_0_6_viv(c_latency=...]
Compiling architecture synth of entity div_gen_v5_1_16.div_gen_v5_1_16_viv [\div_gen_v5_1_16_viv(c_xdevicefa...]
Compiling architecture xilinx of entity div_gen_v5_1_16.div_gen_v5_1_16 [\div_gen_v5_1_16(c_xdevicefamily...]
Compiling architecture divider_arch of entity xil_defaultlib.divider [divider_default]
Compiling module xil_defaultlib.FU_div
Compiling module xil_defaultlib.cmp_32
Compiling module xil_defaultlib.FU_jump
Compiling module xil_defaultlib.MUX8T1_32
Compiling module xil_defaultlib.RV32core
Compiling module xil_defaultlib.core_sim
Compiling module xil_defaultlib.glbl
Built simulation snapshot core_sim_behav

****** Webtalk v2020.1 (64-bit)
  **** SW Build 2902540 on Wed May 27 19:54:49 MDT 2020
  **** IP Build 2902112 on Wed May 27 22:43:36 MDT 2020
    ** Copyright 1986-2020 Xilinx, Inc. All Rights Reserved.

source d:/Users/lenovo/Desktop/debugzju/nightmare/architecture/lab/Computer-Architecture-Lab/lab5/Exp5.sim/sim_1/behav/xsim/xsim.dir/core_sim_behav/webtalk/xsim_webtalk.tcl -notrace
INFO: [Common 17-186] 'd:/Users/lenovo/Desktop/debugzju/nightmare/architecture/lab/Computer-Architecture-Lab/lab5/Exp5.sim/sim_1/behav/xsim/xsim.dir/core_sim_behav/webtalk/usage_statistics_ext_xsim.xml' has been successfully sent to Xilinx on Sun Dec 19 12:14:01 2021. For additional details about this file, please refer to the WebTalk help file at E:/Xilinx/Vivado/2020.1/doc/webtalk_introduction.html.
webtalk_transmit: Time (s): cpu = 00:00:00 ; elapsed = 00:00:05 . Memory (MB): peak = 97.234 ; gain = 17.711
INFO: [Common 17-206] Exiting Webtalk at Sun Dec 19 12:14:01 2021...
run_program: Time (s): cpu = 00:00:04 ; elapsed = 00:00:55 . Memory (MB): peak = 2406.258 ; gain = 0.000
INFO: [USF-XSim-69] 'elaborate' step finished in '55' seconds
INFO: [USF-XSim-4] XSim::Simulate design
INFO: [USF-XSim-61] Executing 'SIMULATE' step in 'd:/Users/lenovo/Desktop/debugzju/nightmare/architecture/lab/Computer-Architecture-Lab/lab5/Exp5.sim/sim_1/behav/xsim'
INFO: [USF-XSim-98] *** Running xsim
   with args "core_sim_behav -key {Behavioral:sim_1:Functional:core_sim} -tclbatch {core_sim.tcl} -view {d:/Users/lenovo/Desktop/debugzju/nightmare/architecture/lab/Computer-Architecture-Lab/lab5/code/sim/core_sim_behav.wcfg} -log {simulate.log}"
INFO: [USF-XSim-8] Loading simulator feature
Vivado Simulator 2020.1
Time resolution is 1 ps
open_wave_config d:/Users/lenovo/Desktop/debugzju/nightmare/architecture/lab/Computer-Architecture-Lab/lab5/code/sim/core_sim_behav.wcfg
