Copyright 1986-2020 Xilinx, Inc. All Rights Reserved.
------------------------------------------------------------------------------------
| Tool Version : Vivado v.2020.1 (win64) Build 2902540 Wed May 27 19:54:49 MDT 2020
| Date         : Mon Nov 15 09:07:56 2021
| Host         : LAPTOP-JSV7HJ63 running 64-bit major release  (build 9200)
| Command      : report_control_sets -verbose -file top_control_sets_placed.rpt
| Design       : top
| Device       : xc7k325t
------------------------------------------------------------------------------------

Control Set Information

Table of Contents
-----------------
1. Summary
2. Histogram
3. Flip-Flop Distribution
4. Detailed Control Set Information

1. Summary
----------

+----------------------------------------------------------+-------+
|                          Status                          | Count |
+----------------------------------------------------------+-------+
| Total control sets                                       |   156 |
|    Minimum number of control sets                        |   156 |
|    Addition due to synthesis replication                 |     0 |
|    Addition due to physical synthesis replication        |     0 |
| Unused register locations in slices containing registers |   684 |
+----------------------------------------------------------+-------+
* Control sets can be merged at opt_design using control_set_merge or merge_equivalent_drivers
** Run report_qor_suggestions for automated merging and remapping suggestions


2. Histogram
------------

+--------------------+-------+
|       Fanout       | Count |
+--------------------+-------+
| Total control sets |   156 |
| >= 0 to < 4        |    77 |
| >= 4 to < 6        |     5 |
| >= 6 to < 8        |     2 |
| >= 8 to < 10       |     3 |
| >= 10 to < 12      |     2 |
| >= 12 to < 14      |     4 |
| >= 14 to < 16      |     2 |
| >= 16              |    61 |
+--------------------+-------+
* Control sets can be remapped at either synth_design or opt_design


3. Flip-Flop Distribution
-------------------------

+--------------+-----------------------+------------------------+-----------------+--------------+
| Clock Enable | Synchronous Set/Reset | Asynchronous Set/Reset | Total Registers | Total Slices |
+--------------+-----------------------+------------------------+-----------------+--------------+
| No           | No                    | No                     |            8670 |         4859 |
| No           | No                    | Yes                    |               0 |            0 |
| No           | Yes                   | No                     |             628 |          392 |
| Yes          | No                    | No                     |             439 |          186 |
| Yes          | No                    | Yes                    |              32 |            9 |
| Yes          | Yes                   | No                     |            1339 |          495 |
+--------------+-----------------------+------------------------+-----------------+--------------+


4. Detailed Control Set Information
-----------------------------------

+----------------------------------------------------+------------------------------------------+----------------------------------+------------------+----------------+--------------+
|                    Clock Signal                    |               Enable Signal              |         Set/Reset Signal         | Slice Load Count | Bel Load Count | Bels / Slice |
+----------------------------------------------------+------------------------------------------+----------------------------------+------------------+----------------+--------------+
|  vga/c2i3/inst_reg[42]/G0                          |                                          |                                  |                1 |              1 |         1.00 |
|  vga/c2i3/inst_reg[48]/G0                          |                                          |                                  |                1 |              1 |         1.00 |
|  vga/c2i3/inst_reg[46]/G0                          |                                          |                                  |                1 |              1 |         1.00 |
|  vga/c2i3/inst_reg[49]/G0                          |                                          |                                  |                1 |              1 |         1.00 |
|  vga/c2i3/inst_reg[58]/G0                          |                                          |                                  |                1 |              1 |         1.00 |
|  vga/c2i3/inst_reg[52]/G0                          |                                          |                                  |                1 |              1 |         1.00 |
|  vga/c2i3/inst_reg[59]/G0                          |                                          |                                  |                1 |              1 |         1.00 |
|  vga/c2i3/inst_reg[56]/G0                          |                                          |                                  |                1 |              1 |         1.00 |
|  vga/c2i4/inst_reg[114]/G0                         |                                          |                                  |                1 |              1 |         1.00 |
|  vga/c2i4/inst_reg[115]/G0                         |                                          |                                  |                1 |              1 |         1.00 |
|  vga/c2i4/inst_reg[113]/G0                         |                                          |                                  |                1 |              1 |         1.00 |
|  vga/c2i4/inst_reg[32]/G0                          |                                          |                                  |                1 |              1 |         1.00 |
|  vga/c2i4/inst_reg[36]/G0                          |                                          |                                  |                1 |              1 |         1.00 |
|  vga/c2i4/inst_reg[35]/G0                          |                                          |                                  |                1 |              1 |         1.00 |
|  vga/c2i4/inst_reg[42]/G0                          |                                          |                                  |                1 |              1 |         1.00 |
|  vga/c2i4/inst_reg[38]/G0                          |                                          |                                  |                1 |              1 |         1.00 |
|  vga/c2i4/inst_reg[46]/G0                          |                                          |                                  |                1 |              1 |         1.00 |
|  vga/c2i4/inst_reg[48]/G0                          |                                          |                                  |                1 |              1 |         1.00 |
|  vga/c2i4/inst_reg[49]/G0                          |                                          |                                  |                1 |              1 |         1.00 |
|  vga/c2i4/inst_reg[52]/G0                          |                                          |                                  |                1 |              1 |         1.00 |
|  vga/c2i4/inst_reg[56]/G0                          |                                          |                                  |                1 |              1 |         1.00 |
|  vga/c2i4/inst_reg[58]/G0                          |                                          |                                  |                1 |              1 |         1.00 |
|  vga/c2i4/inst_reg[59]/G0                          |                                          |                                  |                1 |              1 |         1.00 |
|  vga/c2i5/inst_reg[32]/G0                          |                                          |                                  |                1 |              1 |         1.00 |
|  vga/c2i5/inst_reg[115]/G0                         |                                          |                                  |                1 |              1 |         1.00 |
|  vga/c2i5/inst_reg[113]/G0                         |                                          |                                  |                1 |              1 |         1.00 |
|  vga/c2i5/inst_reg[114]/G0                         |                                          |                                  |                1 |              1 |         1.00 |
|  vga/c2i5/inst_reg[35]/G0                          |                                          |                                  |                1 |              1 |         1.00 |
|  vga/c2i5/inst_reg[36]/G0                          |                                          |                                  |                1 |              1 |         1.00 |
|  vga/c2i5/inst_reg[42]/G0                          |                                          |                                  |                1 |              1 |         1.00 |
|  vga/c2i5/inst_reg[38]/G0                          |                                          |                                  |                1 |              1 |         1.00 |
|  vga/c2i5/inst_reg[52]/G0                          |                                          |                                  |                1 |              1 |         1.00 |
|  vga/c2i5/inst_reg[48]/G0                          |                                          |                                  |                1 |              1 |         1.00 |
|  vga/c2i5/inst_reg[46]/G0                          |                                          |                                  |                1 |              1 |         1.00 |
|  vga/c2i5/inst_reg[49]/G0                          |                                          |                                  |                1 |              1 |         1.00 |
|  vga/c2i5/inst_reg[56]/G0                          |                                          |                                  |                1 |              1 |         1.00 |
|  vga/c2i5/inst_reg[58]/G0                          |                                          |                                  |                1 |              1 |         1.00 |
|  vga/c2i1/inst_reg[113]/G0                         |                                          |                                  |                1 |              1 |         1.00 |
|  vga/c2i1/inst_reg[32]/G0                          |                                          |                                  |                1 |              1 |         1.00 |
|  vga/c2i1/inst_reg[114]/G0                         |                                          |                                  |                1 |              1 |         1.00 |
|  vga/c2i1/inst_reg[115]/G0                         |                                          |                                  |                1 |              1 |         1.00 |
|  vga/c2i1/inst_reg[35]/G0                          |                                          |                                  |                1 |              1 |         1.00 |
|  vga/c2i1/inst_reg[38]/G0                          |                                          |                                  |                1 |              1 |         1.00 |
|  vga/c2i1/inst_reg[46]/G0                          |                                          |                                  |                1 |              1 |         1.00 |
|  vga/c2i1/inst_reg[36]/G0                          |                                          |                                  |                1 |              1 |         1.00 |
|  vga/c2i1/inst_reg[42]/G0                          |                                          |                                  |                1 |              1 |         1.00 |
|  vga/c2i1/inst_reg[48]/G0                          |                                          |                                  |                1 |              1 |         1.00 |
|  vga/c2i1/inst_reg[52]/G0                          |                                          |                                  |                1 |              1 |         1.00 |
|  vga/c2i1/inst_reg[49]/G0                          |                                          |                                  |                1 |              1 |         1.00 |
|  vga/c2i1/inst_reg[56]/G0                          |                                          |                                  |                1 |              1 |         1.00 |
|  vga/c2i1/inst_reg[58]/G0                          |                                          |                                  |                1 |              1 |         1.00 |
|  vga/c2i1/inst_reg[59]/G0                          |                                          |                                  |                1 |              1 |         1.00 |
|  vga/c2i2/inst_reg[113]/G0                         |                                          |                                  |                1 |              1 |         1.00 |
|  vga/c2i2/inst_reg[114]/G0                         |                                          |                                  |                1 |              1 |         1.00 |
|  vga/c2i5/inst_reg[59]/G0                          |                                          |                                  |                1 |              1 |         1.00 |
|  vga/c2i2/inst_reg[32]/G0                          |                                          |                                  |                1 |              1 |         1.00 |
|  vga/c2i2/inst_reg[36]/G0                          |                                          |                                  |                1 |              1 |         1.00 |
|  vga/c2i2/inst_reg[115]/G0                         |                                          |                                  |                1 |              1 |         1.00 |
|  vga/c2i2/inst_reg[35]/G0                          |                                          |                                  |                1 |              1 |         1.00 |
|  vga/c2i2/inst_reg[42]/G0                          |                                          |                                  |                1 |              1 |         1.00 |
|  vga/c2i2/inst_reg[46]/G0                          |                                          |                                  |                1 |              1 |         1.00 |
|  vga/c2i2/inst_reg[48]/G0                          |                                          |                                  |                1 |              1 |         1.00 |
|  vga/c2i2/inst_reg[38]/G0                          |                                          |                                  |                1 |              1 |         1.00 |
|  vga/c2i2/inst_reg[49]/G0                          |                                          |                                  |                1 |              1 |         1.00 |
|  vga/c2i2/inst_reg[56]/G0                          |                                          |                                  |                1 |              1 |         1.00 |
|  vga/c2i2/inst_reg[52]/G0                          |                                          |                                  |                1 |              1 |         1.00 |
|  vga/c2i2/inst_reg[58]/G0                          |                                          |                                  |                1 |              1 |         1.00 |
|  vga/c2i3/inst_reg[114]/G0                         |                                          |                                  |                1 |              1 |         1.00 |
|  vga/c2i3/inst_reg[113]/G0                         |                                          |                                  |                1 |              1 |         1.00 |
|  vga/c2i2/inst_reg[59]/G0                          |                                          |                                  |                1 |              1 |         1.00 |
|  vga/c2i3/inst_reg[35]/G0                          |                                          |                                  |                1 |              1 |         1.00 |
|  vga/c2i3/inst_reg[32]/G0                          |                                          |                                  |                1 |              1 |         1.00 |
|  vga/c2i3/inst_reg[115]/G0                         |                                          |                                  |                1 |              1 |         1.00 |
|  vga/c2i3/inst_reg[36]/G0                          |                                          |                                  |                1 |              1 |         1.00 |
|  vga/c2i3/inst_reg[38]/G0                          |                                          |                                  |                1 |              1 |         1.00 |
|  CMUn_1_20270_BUFG                                 |                                          | rst_all                          |                1 |              2 |         2.00 |
|  core/CMU/FSM_sequential_next_state_reg[2]_i_2_n_1 |                                          | rst_all                          |                2 |              3 |         1.50 |
|  CLK_GEN/CLK_OUT3                                  | DISPLAY/P2S_LED/data_count[3]_i_1__0_n_1 | rst_all                          |                2 |              4 |         2.00 |
|  debug_clk                                         | core/CMU/rst_all_reg_1[0]                | rst_all                          |                2 |              4 |         2.00 |
|  CLK_GEN/CLK_OUT1                                  |                                          | vga/U12/v_count_reg[8]_15        |                3 |              5 |         1.67 |
|  CLK_GEN/CLK_OUT3                                  | BTN_SCAN/p_0_in                          |                                  |                2 |              5 |         2.50 |
|  debug_clk                                         |                                          | rst_all                          |                4 |              5 |         1.25 |
|  CLK_GEN/CLK_OUT3                                  | DISPLAY/P2S_SEG/next_data_count          | rst_all                          |                3 |              6 |         2.00 |
|  CLK_GEN/CLK_OUT1                                  | vga/U12/E[0]                             |                                  |                5 |              7 |         1.40 |
|  debug_clk                                         |                                          |                                  |                4 |              8 |         2.00 |
|  n_0_34244_BUFG                                    | core/CMU/CACHE/dout[31]_i_2_n_1          |                                  |                5 |              8 |         1.60 |
|  n_0_34244_BUFG                                    | core/CMU/CACHE/dout[31]_i_2_n_1          | core/CMU/CACHE/dout[15]_i_1_n_1  |                5 |              8 |         1.60 |
|  CLK_GEN/CLK_OUT3                                  |                                          | vga/U12/h_count[9]_i_1_n_1       |                5 |             10 |         2.00 |
|  CLK_GEN/CLK_OUT3                                  | vga/U12/v_count                          |                                  |                4 |             10 |         2.50 |
|  CLK_GEN/CLK_OUT3                                  |                                          | vga/U12/rdn_reg_n_1              |                3 |             12 |         4.00 |
|  core/CMU/mem_cs_o_reg_i_2_n_1                     |                                          |                                  |                4 |             13 |         3.25 |
|  CLK_GEN/CLK_OUT1                                  |                                          | vga/U12/v_count_reg[8]_14        |                7 |             13 |         1.86 |
|  CLK_GEN/CLK_OUT3                                  | DISPLAY/P2S_SEG/buff                     | DISPLAY/P2S_SEG/buff[64]_i_1_n_1 |                3 |             13 |         4.33 |
|  CLK_GEN/CLK_OUT3                                  | DISPLAY/P2S_SEG/buff                     |                                  |                2 |             14 |         7.00 |
|  CLK_GEN/CLK_OUT3                                  | DISPLAY/P2S_SEG/buff                     | DISPLAY/P2S_SEG/buff[63]_i_1_n_1 |                4 |             15 |         3.75 |
|  n_0_34244_BUFG                                    | core/CMU/CACHE/dout[31]_i_2_n_1          | core/CMU/CACHE/dout[31]_i_1_n_1  |                9 |             16 |         1.78 |
|  CLK_GEN/CLK_OUT4                                  |                                          |                                  |                4 |             17 |         4.25 |
|  CLK_GEN/CLK_OUT3                                  | DISPLAY/P2S_LED/buff_0                   |                                  |                5 |             17 |         3.40 |
|  debug_clk                                         | core/CMU/rst_all_reg_6                   | core/CMU/rst_all_reg_5           |                6 |             20 |         3.33 |
|  CLK_GEN/CLK_OUT3                                  |                                          |                                  |               10 |             25 |         2.50 |
|  CLK_GEN/CLK_OUT3                                  |                                          | rst_all                          |                7 |             28 |         4.00 |
|  CLK_GEN/CLK_OUT1                                  |                                          |                                  |               20 |             31 |         1.55 |
| ~debug_clk                                         | core/reg_MEM_WB/RegWrite_WB_reg_17[0]    | rst_all                          |               13 |             32 |         2.46 |
| ~debug_clk                                         | core/reg_MEM_WB/RegWrite_WB_reg_2[0]     | rst_all                          |               13 |             32 |         2.46 |
| ~debug_clk                                         | core/reg_MEM_WB/RegWrite_WB_reg_8[0]     | rst_all                          |                9 |             32 |         3.56 |
| ~debug_clk                                         | core/reg_MEM_WB/RegWrite_WB_reg_26[0]    | rst_all                          |               11 |             32 |         2.91 |
| ~debug_clk                                         | core/reg_MEM_WB/RegWrite_WB_reg_20[0]    | rst_all                          |                9 |             32 |         3.56 |
| ~debug_clk                                         | core/reg_MEM_WB/RegWrite_WB_reg_27[0]    | rst_all                          |                9 |             32 |         3.56 |
| ~debug_clk                                         | core/reg_MEM_WB/RegWrite_WB_reg_18[0]    | rst_all                          |               12 |             32 |         2.67 |
| ~debug_clk                                         | core/reg_MEM_WB/RegWrite_WB_reg_24[0]    | rst_all                          |               11 |             32 |         2.91 |
| ~debug_clk                                         | core/reg_MEM_WB/RegWrite_WB_reg_23[0]    | rst_all                          |                9 |             32 |         3.56 |
|  debug_clk                                         | core/CMU/E[0]                            | rst_all                          |               13 |             32 |         2.46 |
| ~debug_clk                                         | core/reg_MEM_WB/RegWrite_WB_reg_6[0]     | rst_all                          |               14 |             32 |         2.29 |
| ~debug_clk                                         | core/reg_MEM_WB/RegWrite_WB_reg_29[0]    | rst_all                          |               12 |             32 |         2.67 |
|  debug_clk                                         | core/CMU/rst_all_reg_2[0]                | rst_all                          |                9 |             32 |         3.56 |
| ~debug_clk                                         | core/reg_MEM_WB/RegWrite_WB_reg_4[0]     | rst_all                          |               11 |             32 |         2.91 |
| ~debug_clk                                         | core/reg_MEM_WB/RegWrite_WB_reg_25[0]    | rst_all                          |               13 |             32 |         2.46 |
| ~debug_clk                                         | core/reg_MEM_WB/RegWrite_WB_reg_30[0]    | rst_all                          |               12 |             32 |         2.67 |
| ~debug_clk                                         | core/reg_MEM_WB/RegWrite_WB_reg_13[0]    | rst_all                          |               11 |             32 |         2.91 |
| ~debug_clk                                         | core/reg_MEM_WB/RegWrite_WB_reg_14[0]    | rst_all                          |               11 |             32 |         2.91 |
| ~debug_clk                                         | core/reg_MEM_WB/RegWrite_WB_reg_15[0]    | rst_all                          |               13 |             32 |         2.46 |
| ~debug_clk                                         | core/reg_MEM_WB/RegWrite_WB_reg_16[0]    | rst_all                          |               12 |             32 |         2.67 |
| ~debug_clk                                         | core/reg_MEM_WB/RegWrite_WB_reg_11[0]    | rst_all                          |               13 |             32 |         2.46 |
| ~debug_clk                                         | core/reg_MEM_WB/RegWrite_WB_reg_10[0]    | rst_all                          |               11 |             32 |         2.91 |
| ~debug_clk                                         | core/reg_MEM_WB/RegWrite_WB_reg_0[0]     | rst_all                          |               13 |             32 |         2.46 |
| ~debug_clk                                         | core/reg_MEM_WB/RegWrite_WB_reg_12[0]    | rst_all                          |               10 |             32 |         3.20 |
| ~debug_clk                                         | core/reg_MEM_WB/RegWrite_WB_reg_1[0]     | rst_all                          |               10 |             32 |         3.20 |
| ~debug_clk                                         | core/reg_MEM_WB/RegWrite_WB_reg_7[0]     | rst_all                          |               12 |             32 |         2.67 |
| ~debug_clk                                         | core/reg_MEM_WB/RegWrite_WB_reg_5[0]     | rst_all                          |               12 |             32 |         2.67 |
| ~debug_clk                                         | core/reg_MEM_WB/RegWrite_WB_reg_9[0]     | rst_all                          |               12 |             32 |         2.67 |
| ~debug_clk                                         | core/reg_MEM_WB/RegWrite_WB_reg_3[0]     | rst_all                          |               15 |             32 |         2.13 |
| ~debug_clk                                         | core/reg_MEM_WB/RegWrite_WB_reg_19[0]    | rst_all                          |               10 |             32 |         3.20 |
| ~debug_clk                                         | core/reg_MEM_WB/RegWrite_WB_reg_22[0]    | rst_all                          |               12 |             32 |         2.67 |
| ~debug_clk                                         | core/reg_MEM_WB/RegWrite_WB_reg_28[0]    | rst_all                          |               11 |             32 |         2.91 |
| ~debug_clk                                         | core/reg_MEM_WB/RegWrite_WB_reg_21[0]    | rst_all                          |               16 |             32 |         2.00 |
| ~CLK_GEN/CLK_OUT1                                  | vga/U12/h_count_reg[3]_2[0]              |                                  |               18 |             33 |         1.83 |
| ~CLK_GEN/CLK_OUT1                                  | vga/U12/h_count_reg[3]_0[0]              |                                  |               19 |             33 |         1.74 |
| ~CLK_GEN/CLK_OUT1                                  | vga/U12/h_count_reg[3]_3[0]              |                                  |               15 |             33 |         2.20 |
| ~CLK_GEN/CLK_OUT1                                  | vga/U12/h_count_reg[3]_4[0]              |                                  |               15 |             33 |         2.20 |
|  debug_clk                                         | core/CMU/rst_all_reg                     | rst_all                          |               10 |             33 |         3.30 |
| ~CLK_GEN/CLK_OUT1                                  | vga/U12/h_count_reg[3]_1[0]              |                                  |               15 |             33 |         2.20 |
|  debug_clk                                         | core/CMU/rst_all_reg_3[0]                | core/CMU/rst_all_reg_0           |               18 |             34 |         1.89 |
| ~CLK_GEN/CLK_OUT1                                  | core/REG_PC/Q_reg[8]_0                   |                                  |               11 |             44 |         4.00 |
| ~CLK_GEN/CLK_OUT1                                  | core/reg_EXE_MEM/MIO_MEM_reg_0           |                                  |               11 |             44 |         4.00 |
|  CLK_GEN/CLK_OUT1                                  | vga/U12/should_latch_debug_data          |                                  |                6 |             48 |         8.00 |
|  n_0_34244_BUFG                                    | core/CMU/cache_store                     |                                  |               16 |             64 |         4.00 |
|  debug_clk                                         | core/CMU/rst_all_reg_6                   |                                  |               40 |             87 |         2.17 |
|  inst_reg[150]_i_2__1_n_1                          |                                          | vga/c2i3/inst_reg[150]_i_3_n_1   |               80 |            110 |         1.38 |
|  inst_reg[150]_i_2__2_n_1                          |                                          | vga/c2i4/inst_reg[150]_i_3_n_1   |               76 |            110 |         1.45 |
|  inst_reg[150]_i_2_n_1                             |                                          | vga/c2i1/inst_reg[150]_i_3_n_1   |               70 |            110 |         1.57 |
|  vga/c2i5/inst_reg[150]_i_2_n_1_BUFG               |                                          | vga/c2i5/inst_reg[150]_i_3_n_1   |               64 |            110 |         1.72 |
|  inst_reg[150]_i_2__0_n_1                          |                                          | vga/c2i2/inst_reg[150]_i_3_n_1   |               70 |            110 |         1.57 |
|  debug_clk                                         | core/CMU/rst_all_reg_4[0]                |                                  |               41 |            133 |         3.24 |
|  CMUn_1_20270_BUFG                                 |                                          |                                  |               57 |            142 |         2.49 |
|  debug_clk                                         | core/CMU/rst_all_reg_3[0]                | rst_all                          |               58 |            162 |         2.79 |
|  n_0_34244_BUFG                                    |                                          |                                  |             4685 |           8359 |         1.78 |
+----------------------------------------------------+------------------------------------------+----------------------------------+------------------+----------------+--------------+


